<?xml version="1.0" encoding="UTF-8"?>
<testsuite xmlns:xsi="http://www.w3.org/2001/XMLSchema-instance" xsi:noNamespaceSchemaLocation="https://maven.apache.org/surefire/maven-surefire-plugin/xsd/surefire-test-report.xsd" name="com.thebookcooper.BookTest" time="0.116" tests="8" errors="0" skipped="0" failures="0">
  <properties>
[...]
</properties>
  <testcase name="testGetGenre" classname="com.thebookcooper.BookTest" time="0.068"/>
  <testcase name="testGetPrice" classname="com.thebookcooper.BookTest" time="0.009"/>
  <testcase name="testGetTitle" classname="com.thebookcooper.BookTest" time="0"/>
  <testcase name="testGetISBN" classname="com.thebookcooper.BookTest" time="0"/>
  <testcase name="testGetBookCondition" classname="com.thebookcooper.BookTest" time="0.001"/>
  <testcase name="testGetAuthor" classname="com.thebookcooper.BookTest" time="0.002"/>
  <testcase name="testGetBookId" classname="com.thebookcooper.BookTest" time="0.001"/>
  <testcase name="testGetPublishDate" classname="com.thebookcooper.BookTest" time="0.011"/>
</testsuite>